<?xml version="1.0" encoding="UTF-8"?>
<!-- Generated by org.testng.reporters.JUnitReportReporter -->
<testsuite skipped="0" hostname="DESKTOP-OQ3P6LF" name="practiceTestNG.SeleniumTestsFirefox" tests="2" failures="0" timestamp="26 Mar 2023 03:03:50 GMT" time="0.050" errors="0">
  <testcase name="forwardToEmail" time="0.018" classname="practiceTestNG.SeleniumTestsFirefox"/>
  <testcase name="replyToEmail" time="0.032" classname="practiceTestNG.SeleniumTestsFirefox"/>
</testsuite> <!-- practiceTestNG.SeleniumTestsFirefox -->
