<?xml version="1.0" encoding="UTF-8"?>
<!-- Generated by org.testng.reporters.JUnitReportReporter -->
<testsuite skipped="0" hostname="DESKTOP-OQ3P6LF" name="practiceTestNG.PracticeTestNG" tests="2" failures="0" timestamp="26 Mar 2023 02:57:38 GMT" time="0.031" errors="0">
  <testcase name="bookFlight" time="0.015" classname="practiceTestNG.PracticeTestNG"/>
  <testcase name="bookCar" time="0.016" classname="practiceTestNG.PracticeTestNG"/>
</testsuite> <!-- practiceTestNG.PracticeTestNG -->
