<?xml version="1.0" encoding="UTF-8"?>
<!-- Generated by org.testng.reporters.JUnitReportReporter -->
<testsuite skipped="1" hostname="DESKTOP-OQ3P6LF" name="practiceTestNG.TestNGTestsWithPriority" tests="6" failures="0" timestamp="26 Mar 2023 03:09:40 GMT" time="0.045" errors="0">
  <testcase name="loginToApplication" time="0.006" classname="practiceTestNG.TestNGTestsWithPriority"/>
  <testcase name="launchApplication" time="0.026" classname="practiceTestNG.TestNGTestsWithPriority"/>
  <testcase name="replyToAnEmail" time="0.003" classname="practiceTestNG.TestNGTestsWithPriority"/>
  <testcase name="forwardAnEmail" time="0.003" classname="practiceTestNG.TestNGTestsWithPriority"/>
  <testcase name="deleteAnEmail" time="0.007" classname="practiceTestNG.TestNGTestsWithPriority"/>
  <testcase name="composeAndSendAnEmail" classname="practiceTestNG.TestNGTestsWithPriority">
    <skipped/>
  </testcase> <!-- composeAndSendAnEmail -->
</testsuite> <!-- practiceTestNG.TestNGTestsWithPriority -->
