<?xml version="1.0" encoding="UTF-8"?>
<!-- Generated by org.testng.reporters.JUnitReportReporter -->
<testsuite skipped="0" hostname="DESKTOP-OQ3P6LF" name="testScenarios.TestCases" tests="1" failures="0" timestamp="26 Mar 2023 02:40:49 GMT" time="8.548" errors="0">
  <testcase name="bookBusTicketAndPrint" time="8.548" classname="testScenarios.TestCases"/>
</testsuite> <!-- testScenarios.TestCases -->
