<?xml version="1.0" encoding="UTF-8"?>
<!-- Generated by org.testng.reporters.JUnitReportReporter -->
<testsuite skipped="0" hostname="DESKTOP-OQ3P6LF" name="practiceTestNG.TestNGPractice" tests="3" failures="0" timestamp="26 Mar 2023 03:06:52 GMT" time="0.036" errors="0">
  <testcase name="deleteMail" time="0.015" classname="practiceTestNG.TestNGPractice"/>
  <testcase name="replyMail" time="0.005" classname="practiceTestNG.TestNGPractice"/>
  <testcase name="sendMail" time="0.016" classname="practiceTestNG.TestNGPractice"/>
</testsuite> <!-- practiceTestNG.TestNGPractice -->
