<?xml version="1.0" encoding="UTF-8"?>
<!-- Generated by org.testng.reporters.JUnitReportReporter -->
<testsuite skipped="0" hostname="DESKTOP-OQ3P6LF" name="practiceTestNG.SeleniumTestsChrome" tests="2" failures="0" timestamp="26 Mar 2023 03:03:50 GMT" time="0.038" errors="0">
  <testcase name="replyToEmail" time="0.021" classname="practiceTestNG.SeleniumTestsChrome"/>
  <testcase name="forwardToEmail" time="0.017" classname="practiceTestNG.SeleniumTestsChrome"/>
</testsuite> <!-- practiceTestNG.SeleniumTestsChrome -->
