<?xml version="1.0" encoding="UTF-8"?>
<!-- Generated by org.testng.reporters.JUnitReportReporter -->
<testsuite skipped="0" hostname="DESKTOP-OQ3P6LF" name="testBatches.TestSuites" tests="1" failures="0" timestamp="25 Mar 2023 14:19:50 GMT" time="27.110" errors="0">
  <testcase name="runUserChoice" time="27.110" classname="testBatches.TestSuites"/>
</testsuite> <!-- testBatches.TestSuites -->
